<?xml version="1.0" encoding="UTF-8"?>
<testsuite xmlns:xsi="http://www.w3.org/2001/XMLSchema-instance" xsi:noNamespaceSchemaLocation="https://maven.apache.org/surefire/maven-surefire-plugin/xsd/surefire-test-report.xsd" name="multbrowser.Runner" time="37.124" tests="12" errors="0" skipped="0" failures="0">
  <properties>
[...]
</properties>
  <testcase name="Given Racesso o site do Google no &quot;ie&quot; e digito &quot;dia da toalha&quot;" classname="| &quot;ie&quot; | &quot;dia da toalha&quot; |" time="0.004"/>
  <testcase name="And RPressiona Enter" classname="| &quot;ie&quot; | &quot;dia da toalha&quot; |" time="0"/>
  <testcase name="Then RExibe a pagina com o titulo &quot;dia da toalha - Pesquisa Google&quot;" classname="| &quot;ie&quot; | &quot;dia da toalha&quot; |" time="0"/>
  <testcase name="| &quot;ie&quot; | &quot;dia da toalha&quot; |" classname="| &quot;ie&quot; | &quot;dia da toalha&quot; |" time="0.003"/>
  <testcase name="Given Racesso o site do Google no &quot;chrome&quot; e digito &quot;dia da toalha&quot;" classname="| &quot;chrome&quot; | &quot;dia da toalha&quot; |" time="0"/>
  <testcase name="And RPressiona Enter" classname="| &quot;chrome&quot; | &quot;dia da toalha&quot; |" time="0"/>
  <testcase name="Then RExibe a pagina com o titulo &quot;dia da toalha - Pesquisa Google&quot;" classname="| &quot;chrome&quot; | &quot;dia da toalha&quot; |" time="0"/>
  <testcase name="| &quot;chrome&quot; | &quot;dia da toalha&quot; |" classname="| &quot;chrome&quot; | &quot;dia da toalha&quot; |" time="0.005"/>
  <testcase name="Given Racesso o site do Google no &quot;firefox&quot; e digito &quot;dia da toalha&quot;" classname="| &quot;firefox&quot; | &quot;dia da toalha&quot; |" time="0"/>
  <testcase name="And RPressiona Enter" classname="| &quot;firefox&quot; | &quot;dia da toalha&quot; |" time="0"/>
  <testcase name="Then RExibe a pagina com o titulo &quot;dia da toalha - Pesquisa Google&quot;" classname="| &quot;firefox&quot; | &quot;dia da toalha&quot; |" time="0"/>
  <testcase name="| &quot;firefox&quot; | &quot;dia da toalha&quot; |" classname="| &quot;firefox&quot; | &quot;dia da toalha&quot; |" time="0"/>
</testsuite>